Arguments: 
  C:\Program Files\nodejs\node.exe C:\Users\khw64\AppData\Roaming\npm\node_modules\yarn\bin\yarn.js add web3

PATH: 
  C:\ProgramData\Oracle\Java\javapath;C:\WINDOWS\system32;C:\WINDOWS;C:\WINDOWS\System32\Wbem;C:\WINDOWS\System32\WindowsPowerShell\v1.0\;C:\Program Files\Java\jdk1.8.0_161\bin;C:\Program Files\Git\cmd;C:\WINDOWS\System32\OpenSSH\;C:\Program Files\nodejs\;C:\Program Files\Geth;C:\Users\khw64\.windows-build-tools\python27\;C:\Program Files\nodejs\node_modules\npm\node_modules\npm-lifecycle\node-gyp-bin;C:\Users\khw64\AppData\Roaming\npm\node_modules\windows-build-tools\node_modules\.bin;C:\Users\khw64\AppData\Roaming\npm\node_modules\.bin;C:\ProgramData\Oracle\Java\javapath;C:\WINDOWS\system32;C:\WINDOWS;C:\WINDOWS\System32\Wbem;C:\WINDOWS\System32\WindowsPowerShell\v1.0\;C:\Program Files\Java\jdk1.8.0_161\bin;C:\Program Files\Git\cmd;C:\WINDOWS\System32\OpenSSH\;C:\Program Files\nodejs\;C:\python3\Scripts\;C:\python3\;C:\Users\khw64\AppData\Local\Programs\Python\Python35\Scripts\;C:\Users\khw64\AppData\Local\Programs\Python\Python35\;C:\Users\khw64\AppData\Local\Microsoft\WindowsApps;C:\Users\khw64\AppData\Local\atom\bin;C:\Program Files\Bandizip\;C:\Users\khw64\AppData\Roaming\npm;C:\Users\khw64\AppData\Local\Programs\Microsoft VS Code\bin;C:\ProgramData\khw64\GitHubDesktop\bin;C:\Users\khw64\AppData\Local\GitHubDesktop\bin;%USERPROFILE%\AppData\Local\Microsoft\WindowsApps;

Yarn version: 
  1.17.3

Node version: 
  10.15.3

Platform: 
  win32 x64

Trace: 
  Error: getaddrinfo ENOTFOUND registry.yarnpkg.com registry.yarnpkg.com:443
      at GetAddrInfoReqWrap.onlookup [as oncomplete] (dns.js:56:26)

npm manifest: 
  {
    "name": "MineSweeperDApp",
    "version": "1.0.0",
    "description": "",
    "main": "truffle-config.js",
    "directories": {
      "test": "test"
    },
    "scripts": {
      "test": "echo \"Error: no test specified\" && exit 1"
    },
    "keywords": [],
    "author": "",
    "license": "ISC",
    "dependencies": {
      "openzeppelin-solidity": "2.3.0"
    }
  }

yarn manifest: 
  No manifest

Lockfile: 
  No lockfile
